2022-10-16 10:56:30,212 django.utils.autoreload INFO     Watching for file changes with StatReloader
2022-10-16 11:01:41,936 django.utils.autoreload INFO     Watching for file changes with StatReloader
2022-10-16 11:02:55,100 django.utils.autoreload INFO     Watching for file changes with StatReloader
2022-10-17 10:18:03,623 django.utils.autoreload INFO     Watching for file changes with StatReloader
2022-10-17 10:18:43,105 django.utils.autoreload INFO     Watching for file changes with StatReloader
2022-10-17 10:20:11,129 django.utils.autoreload INFO     Watching for file changes with StatReloader
2022-10-17 10:31:11,582 django.request WARNING  Method Not Allowed (POST): /rest-api/presence/create
2022-10-17 10:31:11,582 django.request WARNING  Method Not Allowed: /rest-api/presence/create
2022-10-17 10:49:34,268 django.utils.autoreload INFO     /mnt/c/Users/amd/Desktop/Octogym/backend/salle_activite/tasks.py changed, reloading.
2022-10-17 10:49:43,029 django.utils.autoreload INFO     Watching for file changes with StatReloader
2022-10-17 10:49:49,818 django.utils.autoreload INFO     /mnt/c/Users/amd/Desktop/Octogym/backend/salle_activite/tasks.py changed, reloading.
2022-10-17 10:49:52,037 django.utils.autoreload INFO     Watching for file changes with StatReloader
2022-10-17 10:49:55,123 django.utils.autoreload INFO     /mnt/c/Users/amd/Desktop/Octogym/backend/salle_activite/tasks.py changed, reloading.
2022-10-17 10:49:57,184 django.utils.autoreload INFO     Watching for file changes with StatReloader
2022-10-17 10:50:00,158 django.utils.autoreload INFO     /mnt/c/Users/amd/Desktop/Octogym/backend/salle_activite/tasks.py changed, reloading.
2022-10-17 10:50:02,261 django.utils.autoreload INFO     Watching for file changes with StatReloader
2022-10-17 10:50:08,375 django.utils.autoreload INFO     /mnt/c/Users/amd/Desktop/Octogym/backend/salle_activite/tasks.py changed, reloading.
2022-10-17 10:50:10,447 django.utils.autoreload INFO     Watching for file changes with StatReloader
2022-10-17 10:50:29,124 django.utils.autoreload INFO     /mnt/c/Users/amd/Desktop/Octogym/backend/salle_activite/tasks.py changed, reloading.
2022-10-17 10:50:31,519 django.utils.autoreload INFO     Watching for file changes with StatReloader
2022-10-17 10:50:54,650 django.utils.autoreload INFO     /mnt/c/Users/amd/Desktop/Octogym/backend/salle_activite/views.py changed, reloading.
2022-10-17 10:50:57,079 django.utils.autoreload INFO     Watching for file changes with StatReloader
2022-10-17 10:51:03,075 django.utils.autoreload INFO     /mnt/c/Users/amd/Desktop/Octogym/backend/salle_activite/views.py changed, reloading.
2022-10-17 10:51:05,094 django.utils.autoreload INFO     Watching for file changes with StatReloader
2022-10-17 10:51:13,857 django.utils.autoreload INFO     /mnt/c/Users/amd/Desktop/Octogym/backend/salle_activite/views.py changed, reloading.
2022-10-17 10:51:16,128 django.utils.autoreload INFO     Watching for file changes with StatReloader
2022-10-17 10:51:39,439 django.utils.autoreload INFO     /mnt/c/Users/amd/Desktop/Octogym/backend/salle_activite/views.py changed, reloading.
2022-10-17 10:51:41,700 django.utils.autoreload INFO     Watching for file changes with StatReloader
2022-10-17 10:52:13,406 django.utils.autoreload INFO     /mnt/c/Users/amd/Desktop/Octogym/backend/salle_activite/views.py changed, reloading.
2022-10-17 10:52:15,655 django.utils.autoreload INFO     Watching for file changes with StatReloader
2022-10-17 10:52:30,040 django.utils.autoreload INFO     /mnt/c/Users/amd/Desktop/Octogym/backend/salle_activite/views.py changed, reloading.
2022-10-17 10:52:32,202 django.utils.autoreload INFO     Watching for file changes with StatReloader
2022-10-17 10:54:09,466 django.utils.autoreload INFO     /mnt/c/Users/amd/Desktop/Octogym/backend/salle_activite/face.py changed, reloading.
2022-10-17 10:54:11,787 django.utils.autoreload INFO     Watching for file changes with StatReloader
2022-10-17 10:56:20,887 django.utils.autoreload INFO     /mnt/c/Users/amd/Desktop/Octogym/backend/salle_activite/face.py changed, reloading.
2022-10-17 10:56:23,174 django.utils.autoreload INFO     Watching for file changes with StatReloader
2022-10-17 10:56:26,234 django.utils.autoreload INFO     /mnt/c/Users/amd/Desktop/Octogym/backend/salle_activite/views.py changed, reloading.
2022-10-17 10:56:28,162 django.utils.autoreload INFO     Watching for file changes with StatReloader
2022-10-17 10:56:31,027 django.utils.autoreload INFO     /mnt/c/Users/amd/Desktop/Octogym/backend/salle_activite/views.py changed, reloading.
2022-10-17 10:56:32,946 django.utils.autoreload INFO     Watching for file changes with StatReloader
2022-10-17 10:57:56,642 django.utils.autoreload INFO     /mnt/c/Users/amd/Desktop/Octogym/backend/salle_activite/views.py changed, reloading.
2022-10-17 10:57:58,908 django.utils.autoreload INFO     Watching for file changes with StatReloader
2022-10-17 10:58:13,423 django.utils.autoreload INFO     /mnt/c/Users/amd/Desktop/Octogym/backend/salle_activite/views.py changed, reloading.
2022-10-17 10:58:15,638 django.utils.autoreload INFO     Watching for file changes with StatReloader
2022-10-17 10:58:25,909 django.utils.autoreload INFO     /mnt/c/Users/amd/Desktop/Octogym/backend/salle_activite/tasks.py changed, reloading.
2022-10-17 10:58:28,149 django.utils.autoreload INFO     Watching for file changes with StatReloader
2022-10-17 10:58:37,092 django.utils.autoreload INFO     /mnt/c/Users/amd/Desktop/Octogym/backend/salle_activite/views.py changed, reloading.
2022-10-17 10:58:39,091 django.utils.autoreload INFO     Watching for file changes with StatReloader
2022-10-17 11:01:24,348 django.utils.autoreload INFO     /mnt/c/Users/amd/Desktop/Octogym/backend/salle_activite/views.py changed, reloading.
2022-10-17 11:01:26,223 django.utils.autoreload INFO     Watching for file changes with StatReloader
2022-10-17 11:06:18,212 django.utils.autoreload INFO     /mnt/c/Users/amd/Desktop/Octogym/backend/salle_activite/tasks.py changed, reloading.
2022-10-17 11:06:21,017 django.utils.autoreload INFO     Watching for file changes with StatReloader
2022-10-17 11:06:40,041 django.utils.autoreload INFO     /mnt/c/Users/amd/Desktop/Octogym/backend/salle_activite/tasks.py changed, reloading.
2022-10-17 11:06:42,617 django.utils.autoreload INFO     Watching for file changes with StatReloader
2022-10-17 11:06:46,492 django.utils.autoreload INFO     /mnt/c/Users/amd/Desktop/Octogym/backend/salle_activite/tasks.py changed, reloading.
2022-10-17 11:06:48,856 django.utils.autoreload INFO     Watching for file changes with StatReloader
2022-10-17 11:07:20,849 django.utils.autoreload INFO     /mnt/c/Users/amd/Desktop/Octogym/backend/salle_activite/tasks.py changed, reloading.
2022-10-17 11:07:23,115 django.utils.autoreload INFO     Watching for file changes with StatReloader
2022-10-17 11:07:29,211 django.utils.autoreload INFO     /mnt/c/Users/amd/Desktop/Octogym/backend/salle_activite/tasks.py changed, reloading.
2022-10-17 11:07:31,420 django.utils.autoreload INFO     Watching for file changes with StatReloader
2022-10-17 11:07:53,739 django.utils.autoreload INFO     /mnt/c/Users/amd/Desktop/Octogym/backend/salle_activite/tasks.py changed, reloading.
2022-10-17 11:07:56,244 django.utils.autoreload INFO     Watching for file changes with StatReloader
2022-10-17 11:08:10,269 django.utils.autoreload INFO     /mnt/c/Users/amd/Desktop/Octogym/backend/salle_activite/face.py changed, reloading.
2022-10-17 11:08:12,541 django.utils.autoreload INFO     Watching for file changes with StatReloader
2022-10-17 11:08:17,269 django.utils.autoreload INFO     /mnt/c/Users/amd/Desktop/Octogym/backend/salle_activite/face.py changed, reloading.
2022-10-17 11:08:19,556 django.utils.autoreload INFO     Watching for file changes with StatReloader
2022-10-17 11:08:49,686 django.utils.autoreload INFO     /mnt/c/Users/amd/Desktop/Octogym/backend/salle_activite/face.py changed, reloading.
2022-10-17 11:08:52,254 django.utils.autoreload INFO     Watching for file changes with StatReloader
2022-10-17 11:09:13,052 django.utils.autoreload INFO     /mnt/c/Users/amd/Desktop/Octogym/backend/salle_activite/tasks.py changed, reloading.
2022-10-17 11:09:16,043 django.utils.autoreload INFO     Watching for file changes with StatReloader
2022-10-17 11:09:36,983 django.utils.autoreload INFO     /mnt/c/Users/amd/Desktop/Octogym/backend/salle_activite/device.py changed, reloading.
2022-10-17 11:09:39,047 django.utils.autoreload INFO     Watching for file changes with StatReloader
2022-10-17 11:10:08,490 django.utils.autoreload INFO     /mnt/c/Users/amd/Desktop/Octogym/backend/salle_activite/face.py changed, reloading.
2022-10-17 11:10:10,321 django.utils.autoreload INFO     Watching for file changes with StatReloader
2022-10-17 11:10:23,126 django.utils.autoreload INFO     /mnt/c/Users/amd/Desktop/Octogym/backend/salle_activite/tasks.py changed, reloading.
2022-10-17 11:10:25,084 django.utils.autoreload INFO     Watching for file changes with StatReloader
2022-10-17 11:10:46,328 django.utils.autoreload INFO     /mnt/c/Users/amd/Desktop/Octogym/backend/salle_activite/face.py changed, reloading.
2022-10-17 11:10:48,240 django.utils.autoreload INFO     Watching for file changes with StatReloader
2022-10-17 11:12:37,357 django.utils.autoreload INFO     /mnt/c/Users/amd/Desktop/Octogym/backend/client/face_sub.py changed, reloading.
2022-10-17 11:12:39,892 django.utils.autoreload INFO     Watching for file changes with StatReloader
2022-10-17 11:12:42,938 django.utils.autoreload INFO     /mnt/c/Users/amd/Desktop/Octogym/backend/client/face_sub.py changed, reloading.
2022-10-17 11:12:45,038 django.utils.autoreload INFO     Watching for file changes with StatReloader
2022-10-17 11:56:54,863 django.request WARNING  Bad Request: /rest-api/clients/C0005/
2022-10-17 11:57:01,344 django.request WARNING  Bad Request: /rest-api/clients/C0005/
2022-10-17 11:57:09,641 django.request WARNING  Bad Request: /rest-api/clients/C0005/
2022-10-17 11:57:33,723 django.request WARNING  Bad Request: /rest-api/clients/C0005/
2022-10-17 12:03:33,319 salle_activite_view INFO     View inited...
2022-10-17 12:15:21,556 salle_activite_view INFO     View inited...
2022-10-17 12:29:27,015 salle_activite_view INFO     View inited...
2022-10-17 12:33:54,195 salle_activite_view INFO     View inited...
2022-10-17 12:37:31,294 salle_activite_view INFO     View inited...
2022-10-17 12:44:39,258 celery.bootsteps DEBUG    | Worker: Preparing bootsteps.
2022-10-17 12:44:39,259 celery.bootsteps DEBUG    | Worker: Building graph...
2022-10-17 12:44:39,259 celery.bootsteps DEBUG    | Worker: New boot order: {StateDB, Beat, Timer, Hub, Pool, Autoscaler, Consumer}
2022-10-17 12:44:39,261 celery.bootsteps DEBUG    | Consumer: Preparing bootsteps.
2022-10-17 12:44:39,262 celery.bootsteps DEBUG    | Consumer: Building graph...
2022-10-17 12:44:39,269 celery.bootsteps DEBUG    | Consumer: New boot order: {Connection, Agent, Events, Mingle, Tasks, Control, Heart, Gossip, event loop}
2022-10-17 12:44:39,283 celery.bootsteps DEBUG    | Worker: Starting Hub
2022-10-17 12:44:39,283 celery.bootsteps DEBUG    ^-- substep ok
2022-10-17 12:44:39,283 celery.bootsteps DEBUG    | Worker: Starting Pool
2022-10-17 12:44:40,083 celery.bootsteps DEBUG    ^-- substep ok
2022-10-17 12:44:40,083 celery.bootsteps DEBUG    | Worker: Starting Consumer
2022-10-17 12:44:40,084 celery.bootsteps DEBUG    | Consumer: Starting Connection
2022-10-17 12:44:40,088 celery.worker.consumer.connection INFO     Connected to redis://localhost:6379//
2022-10-17 12:44:40,088 celery.bootsteps DEBUG    ^-- substep ok
2022-10-17 12:44:40,089 celery.bootsteps DEBUG    | Consumer: Starting Events
2022-10-17 12:44:40,090 celery.bootsteps DEBUG    ^-- substep ok
2022-10-17 12:44:40,090 celery.bootsteps DEBUG    | Consumer: Starting Mingle
2022-10-17 12:44:40,090 celery.worker.consumer.mingle INFO     mingle: searching for neighbors
2022-10-17 12:44:41,096 celery.worker.consumer.mingle INFO     mingle: all alone
2022-10-17 12:44:41,096 celery.bootsteps DEBUG    ^-- substep ok
2022-10-17 12:44:41,096 celery.bootsteps DEBUG    | Consumer: Starting Tasks
2022-10-17 12:44:41,103 celery.bootsteps DEBUG    ^-- substep ok
2022-10-17 12:44:41,103 celery.bootsteps DEBUG    | Consumer: Starting Control
2022-10-17 12:44:41,104 celery.bootsteps DEBUG    ^-- substep ok
2022-10-17 12:44:41,104 celery.bootsteps DEBUG    | Consumer: Starting Heart
2022-10-17 12:44:41,105 celery.bootsteps DEBUG    ^-- substep ok
2022-10-17 12:44:41,105 celery.bootsteps DEBUG    | Consumer: Starting Gossip
2022-10-17 12:44:41,106 celery.bootsteps DEBUG    ^-- substep ok
2022-10-17 12:44:41,106 celery.bootsteps DEBUG    | Consumer: Starting event loop
2022-10-17 12:44:41,107 celery.bootsteps DEBUG    | Worker: Hub.register Pool...
2022-10-17 12:44:41,107 celery.apps.worker INFO     celery@appsrv ready.
2022-10-17 12:44:41,107 kombu.common DEBUG    basic.qos: prefetch_count->80
2022-10-17 12:44:49,597 salle_activite_view INFO     View inited...
2022-10-17 12:44:49,664 celery.worker.strategy INFO     Task salle_activite.tasks.start_linsten_1[f0577e08-4e26-496f-86cb-6f8bc5cf9a0a] received
2022-10-17 12:44:49,664 celery.pool  DEBUG    TaskPool: Apply <function fast_trace_task at 0x7fa5867a6790> (args:('salle_activite.tasks.start_linsten_1', 'f0577e08-4e26-496f-86cb-6f8bc5cf9a0a', {'lang': 'py', 'task': 'salle_activite.tasks.start_linsten_1', 'id': 'f0577e08-4e26-496f-86cb-6f8bc5cf9a0a', 'shadow': None, 'eta': None, 'expires': None, 'group': None, 'group_index': None, 'retries': 0, 'timelimit': [None, None], 'root_id': 'f0577e08-4e26-496f-86cb-6f8bc5cf9a0a', 'parent_id': None, 'argsrepr': '()', 'kwargsrepr': '{}', 'origin': 'gen56298@appsrv', 'ignore_result': False, 'properties': {'correlation_id': 'f0577e08-4e26-496f-86cb-6f8bc5cf9a0a', 'reply_to': '15234dbc-7cef-3c45-b87c-0b5a908b34b3', 'delivery_mode': 2, 'delivery_info': {'exchange': '', 'routing_key': 'celery'}, 'priority': 0, 'body_encoding': 'base64', 'delivery_tag': 'd152f644-26ad-46b4-91d0-ff38e6db7529'}, 'reply_to': '15234dbc-7cef-3c45-b87c-0b5a908b34b3', 'correlation_id': 'f0577e08-4e26-496f-86cb-6f8bc5cf9a0a', 'hostname': 'celery@appsrv', 'delivery_info': {'exchange': '', 'routing_key': 'celery', 'priority': 0, 'redelivered': None}, 'args':... kwargs:{})
2022-10-17 12:44:49,665 celery.worker.strategy INFO     Task salle_activite.tasks.start_linsten_2[d0d99321-c7ad-47aa-a5d2-4703775bfc40] received
2022-10-17 12:44:49,665 celery.pool  DEBUG    TaskPool: Apply <function fast_trace_task at 0x7fa5867a6790> (args:('salle_activite.tasks.start_linsten_2', 'd0d99321-c7ad-47aa-a5d2-4703775bfc40', {'lang': 'py', 'task': 'salle_activite.tasks.start_linsten_2', 'id': 'd0d99321-c7ad-47aa-a5d2-4703775bfc40', 'shadow': None, 'eta': None, 'expires': None, 'group': None, 'group_index': None, 'retries': 0, 'timelimit': [None, None], 'root_id': 'd0d99321-c7ad-47aa-a5d2-4703775bfc40', 'parent_id': None, 'argsrepr': '()', 'kwargsrepr': '{}', 'origin': 'gen56298@appsrv', 'ignore_result': False, 'properties': {'correlation_id': 'd0d99321-c7ad-47aa-a5d2-4703775bfc40', 'reply_to': '15234dbc-7cef-3c45-b87c-0b5a908b34b3', 'delivery_mode': 2, 'delivery_info': {'exchange': '', 'routing_key': 'celery'}, 'priority': 0, 'body_encoding': 'base64', 'delivery_tag': 'b7d5c4bc-8d75-4220-9784-96dee1286688'}, 'reply_to': '15234dbc-7cef-3c45-b87c-0b5a908b34b3', 'correlation_id': 'd0d99321-c7ad-47aa-a5d2-4703775bfc40', 'hostname': 'celery@appsrv', 'delivery_info': {'exchange': '', 'routing_key': 'celery', 'priority': 0, 'redelivered': None}, 'args':... kwargs:{})
2022-10-17 12:44:49,669 celery.worker.strategy INFO     Task salle_activite.tasks.start_linsten_3[e9087595-379f-49e4-9f94-c5a2515a61ef] received
2022-10-17 12:44:49,670 celery.pool  DEBUG    TaskPool: Apply <function fast_trace_task at 0x7fa5867a6790> (args:('salle_activite.tasks.start_linsten_3', 'e9087595-379f-49e4-9f94-c5a2515a61ef', {'lang': 'py', 'task': 'salle_activite.tasks.start_linsten_3', 'id': 'e9087595-379f-49e4-9f94-c5a2515a61ef', 'shadow': None, 'eta': None, 'expires': None, 'group': None, 'group_index': None, 'retries': 0, 'timelimit': [None, None], 'root_id': 'e9087595-379f-49e4-9f94-c5a2515a61ef', 'parent_id': None, 'argsrepr': '()', 'kwargsrepr': '{}', 'origin': 'gen56298@appsrv', 'ignore_result': False, 'properties': {'correlation_id': 'e9087595-379f-49e4-9f94-c5a2515a61ef', 'reply_to': '15234dbc-7cef-3c45-b87c-0b5a908b34b3', 'delivery_mode': 2, 'delivery_info': {'exchange': '', 'routing_key': 'celery'}, 'priority': 0, 'body_encoding': 'base64', 'delivery_tag': '34f9620f-ec33-4f24-bc5d-d2e6b40fc647'}, 'reply_to': '15234dbc-7cef-3c45-b87c-0b5a908b34b3', 'correlation_id': 'e9087595-379f-49e4-9f94-c5a2515a61ef', 'hostname': 'celery@appsrv', 'delivery_info': {'exchange': '', 'routing_key': 'celery', 'priority': 0, 'redelivered': None}, 'args':... kwargs:{})
2022-10-17 12:44:49,671 celery.worker.strategy INFO     Task salle_activite.tasks.start_linsten_4[1bef9eef-b192-49bd-8b5c-5cd2d6b401d9] received
2022-10-17 12:44:49,672 celery.pool  DEBUG    TaskPool: Apply <function fast_trace_task at 0x7fa5867a6790> (args:('salle_activite.tasks.start_linsten_4', '1bef9eef-b192-49bd-8b5c-5cd2d6b401d9', {'lang': 'py', 'task': 'salle_activite.tasks.start_linsten_4', 'id': '1bef9eef-b192-49bd-8b5c-5cd2d6b401d9', 'shadow': None, 'eta': None, 'expires': None, 'group': None, 'group_index': None, 'retries': 0, 'timelimit': [None, None], 'root_id': '1bef9eef-b192-49bd-8b5c-5cd2d6b401d9', 'parent_id': None, 'argsrepr': '()', 'kwargsrepr': '{}', 'origin': 'gen56298@appsrv', 'ignore_result': False, 'properties': {'correlation_id': '1bef9eef-b192-49bd-8b5c-5cd2d6b401d9', 'reply_to': '15234dbc-7cef-3c45-b87c-0b5a908b34b3', 'delivery_mode': 2, 'delivery_info': {'exchange': '', 'routing_key': 'celery'}, 'priority': 0, 'body_encoding': 'base64', 'delivery_tag': '00fa6b85-a720-47da-a8e3-8d2620dd9fba'}, 'reply_to': '15234dbc-7cef-3c45-b87c-0b5a908b34b3', 'correlation_id': '1bef9eef-b192-49bd-8b5c-5cd2d6b401d9', 'hostname': 'celery@appsrv', 'delivery_info': {'exchange': '', 'routing_key': 'celery', 'priority': 0, 'redelivered': None}, 'args':... kwargs:{})
2022-10-17 12:44:49,688 celery.worker.strategy INFO     Task salle_activite.tasks.start_linsten_5[a0925e2b-2891-4eef-baa9-8fb0d920b25b] received
2022-10-17 12:44:49,689 celery.pool  DEBUG    TaskPool: Apply <function fast_trace_task at 0x7fa5867a6790> (args:('salle_activite.tasks.start_linsten_5', 'a0925e2b-2891-4eef-baa9-8fb0d920b25b', {'lang': 'py', 'task': 'salle_activite.tasks.start_linsten_5', 'id': 'a0925e2b-2891-4eef-baa9-8fb0d920b25b', 'shadow': None, 'eta': None, 'expires': None, 'group': None, 'group_index': None, 'retries': 0, 'timelimit': [None, None], 'root_id': 'a0925e2b-2891-4eef-baa9-8fb0d920b25b', 'parent_id': None, 'argsrepr': '()', 'kwargsrepr': '{}', 'origin': 'gen56298@appsrv', 'ignore_result': False, 'properties': {'correlation_id': 'a0925e2b-2891-4eef-baa9-8fb0d920b25b', 'reply_to': '15234dbc-7cef-3c45-b87c-0b5a908b34b3', 'delivery_mode': 2, 'delivery_info': {'exchange': '', 'routing_key': 'celery'}, 'priority': 0, 'body_encoding': 'base64', 'delivery_tag': '1ebf9773-0b93-4811-93bf-65119591fc30'}, 'reply_to': '15234dbc-7cef-3c45-b87c-0b5a908b34b3', 'correlation_id': 'a0925e2b-2891-4eef-baa9-8fb0d920b25b', 'hostname': 'celery@appsrv', 'delivery_info': {'exchange': '', 'routing_key': 'celery', 'priority': 0, 'redelivered': None}, 'args':... kwargs:{})
2022-10-17 12:44:49,690 celery.worker.strategy INFO     Task salle_activite.tasks.start_linsten_6[af9a981c-ebd9-4fdc-8521-81d728dabcf8] received
2022-10-17 12:44:49,690 celery.pool  DEBUG    TaskPool: Apply <function fast_trace_task at 0x7fa5867a6790> (args:('salle_activite.tasks.start_linsten_6', 'af9a981c-ebd9-4fdc-8521-81d728dabcf8', {'lang': 'py', 'task': 'salle_activite.tasks.start_linsten_6', 'id': 'af9a981c-ebd9-4fdc-8521-81d728dabcf8', 'shadow': None, 'eta': None, 'expires': None, 'group': None, 'group_index': None, 'retries': 0, 'timelimit': [None, None], 'root_id': 'af9a981c-ebd9-4fdc-8521-81d728dabcf8', 'parent_id': None, 'argsrepr': '()', 'kwargsrepr': '{}', 'origin': 'gen56298@appsrv', 'ignore_result': False, 'properties': {'correlation_id': 'af9a981c-ebd9-4fdc-8521-81d728dabcf8', 'reply_to': '15234dbc-7cef-3c45-b87c-0b5a908b34b3', 'delivery_mode': 2, 'delivery_info': {'exchange': '', 'routing_key': 'celery'}, 'priority': 0, 'body_encoding': 'base64', 'delivery_tag': '16f97db4-5d2a-4fc0-a4d4-80c539c3f881'}, 'reply_to': '15234dbc-7cef-3c45-b87c-0b5a908b34b3', 'correlation_id': 'af9a981c-ebd9-4fdc-8521-81d728dabcf8', 'hostname': 'celery@appsrv', 'delivery_info': {'exchange': '', 'routing_key': 'celery', 'priority': 0, 'redelivered': None}, 'args':... kwargs:{})
2022-10-17 12:44:49,691 celery.worker.strategy INFO     Task salle_activite.tasks.start_linsten_7[6737c7f7-1485-4536-b183-8f1c44c2e4c1] received
2022-10-17 12:44:49,691 celery.pool  DEBUG    TaskPool: Apply <function fast_trace_task at 0x7fa5867a6790> (args:('salle_activite.tasks.start_linsten_7', '6737c7f7-1485-4536-b183-8f1c44c2e4c1', {'lang': 'py', 'task': 'salle_activite.tasks.start_linsten_7', 'id': '6737c7f7-1485-4536-b183-8f1c44c2e4c1', 'shadow': None, 'eta': None, 'expires': None, 'group': None, 'group_index': None, 'retries': 0, 'timelimit': [None, None], 'root_id': '6737c7f7-1485-4536-b183-8f1c44c2e4c1', 'parent_id': None, 'argsrepr': '()', 'kwargsrepr': '{}', 'origin': 'gen56298@appsrv', 'ignore_result': False, 'properties': {'correlation_id': '6737c7f7-1485-4536-b183-8f1c44c2e4c1', 'reply_to': '15234dbc-7cef-3c45-b87c-0b5a908b34b3', 'delivery_mode': 2, 'delivery_info': {'exchange': '', 'routing_key': 'celery'}, 'priority': 0, 'body_encoding': 'base64', 'delivery_tag': '2a9d53e1-0e47-477f-93a2-107a52a1b408'}, 'reply_to': '15234dbc-7cef-3c45-b87c-0b5a908b34b3', 'correlation_id': '6737c7f7-1485-4536-b183-8f1c44c2e4c1', 'hostname': 'celery@appsrv', 'delivery_info': {'exchange': '', 'routing_key': 'celery', 'priority': 0, 'redelivered': None}, 'args':... kwargs:{})
2022-10-17 12:44:49,693 celery.worker.strategy INFO     Task salle_activite.tasks.start_linsten_8[95aef638-bc98-478f-9349-5dbb487c634d] received
2022-10-17 12:44:49,693 celery.pool  DEBUG    TaskPool: Apply <function fast_trace_task at 0x7fa5867a6790> (args:('salle_activite.tasks.start_linsten_8', '95aef638-bc98-478f-9349-5dbb487c634d', {'lang': 'py', 'task': 'salle_activite.tasks.start_linsten_8', 'id': '95aef638-bc98-478f-9349-5dbb487c634d', 'shadow': None, 'eta': None, 'expires': None, 'group': None, 'group_index': None, 'retries': 0, 'timelimit': [None, None], 'root_id': '95aef638-bc98-478f-9349-5dbb487c634d', 'parent_id': None, 'argsrepr': '()', 'kwargsrepr': '{}', 'origin': 'gen56298@appsrv', 'ignore_result': False, 'properties': {'correlation_id': '95aef638-bc98-478f-9349-5dbb487c634d', 'reply_to': '15234dbc-7cef-3c45-b87c-0b5a908b34b3', 'delivery_mode': 2, 'delivery_info': {'exchange': '', 'routing_key': 'celery'}, 'priority': 0, 'body_encoding': 'base64', 'delivery_tag': 'f815e9e5-ffb5-4708-afe6-f43600371cbe'}, 'reply_to': '15234dbc-7cef-3c45-b87c-0b5a908b34b3', 'correlation_id': '95aef638-bc98-478f-9349-5dbb487c634d', 'hostname': 'celery@appsrv', 'delivery_info': {'exchange': '', 'routing_key': 'celery', 'priority': 0, 'redelivered': None}, 'args':... kwargs:{})
2022-10-17 12:44:49,707 celery.worker.strategy INFO     Task salle_activite.tasks.start_linsten_9[b3945e39-3948-488d-a45e-a4f699b1f261] received
2022-10-17 12:44:49,707 celery.pool  DEBUG    TaskPool: Apply <function fast_trace_task at 0x7fa5867a6790> (args:('salle_activite.tasks.start_linsten_9', 'b3945e39-3948-488d-a45e-a4f699b1f261', {'lang': 'py', 'task': 'salle_activite.tasks.start_linsten_9', 'id': 'b3945e39-3948-488d-a45e-a4f699b1f261', 'shadow': None, 'eta': None, 'expires': None, 'group': None, 'group_index': None, 'retries': 0, 'timelimit': [None, None], 'root_id': 'b3945e39-3948-488d-a45e-a4f699b1f261', 'parent_id': None, 'argsrepr': '()', 'kwargsrepr': '{}', 'origin': 'gen56298@appsrv', 'ignore_result': False, 'properties': {'correlation_id': 'b3945e39-3948-488d-a45e-a4f699b1f261', 'reply_to': '15234dbc-7cef-3c45-b87c-0b5a908b34b3', 'delivery_mode': 2, 'delivery_info': {'exchange': '', 'routing_key': 'celery'}, 'priority': 0, 'body_encoding': 'base64', 'delivery_tag': '4d651eea-4d34-496c-920b-8de73c000ae1'}, 'reply_to': '15234dbc-7cef-3c45-b87c-0b5a908b34b3', 'correlation_id': 'b3945e39-3948-488d-a45e-a4f699b1f261', 'hostname': 'celery@appsrv', 'delivery_info': {'exchange': '', 'routing_key': 'celery', 'priority': 0, 'redelivered': None}, 'args':... kwargs:{})
2022-10-17 12:44:49,709 celery.worker.strategy INFO     Task salle_activite.tasks.start_face_door_1[305a3f07-37a7-49ee-8f95-c21d3a1635c2] received
2022-10-17 12:44:49,709 celery.pool  DEBUG    TaskPool: Apply <function fast_trace_task at 0x7fa5867a6790> (args:('salle_activite.tasks.start_face_door_1', '305a3f07-37a7-49ee-8f95-c21d3a1635c2', {'lang': 'py', 'task': 'salle_activite.tasks.start_face_door_1', 'id': '305a3f07-37a7-49ee-8f95-c21d3a1635c2', 'shadow': None, 'eta': None, 'expires': None, 'group': None, 'group_index': None, 'retries': 0, 'timelimit': [None, None], 'root_id': '305a3f07-37a7-49ee-8f95-c21d3a1635c2', 'parent_id': None, 'argsrepr': '()', 'kwargsrepr': '{}', 'origin': 'gen56298@appsrv', 'ignore_result': False, 'properties': {'correlation_id': '305a3f07-37a7-49ee-8f95-c21d3a1635c2', 'reply_to': '15234dbc-7cef-3c45-b87c-0b5a908b34b3', 'delivery_mode': 2, 'delivery_info': {'exchange': '', 'routing_key': 'celery'}, 'priority': 0, 'body_encoding': 'base64', 'delivery_tag': '36092fab-6cec-44df-befb-262a31988e35'}, 'reply_to': '15234dbc-7cef-3c45-b87c-0b5a908b34b3', 'correlation_id': '305a3f07-37a7-49ee-8f95-c21d3a1635c2', 'hostname': 'celery@appsrv', 'delivery_info': {'exchange': '', 'routing_key': 'celery', 'priority': 0, 'redelivered': None},... kwargs:{})
2022-10-17 12:44:49,737 celery.worker.strategy INFO     Task salle_activite.tasks.start_face_door_2[23f357c4-1b3e-495e-b542-31b36fe54783] received
2022-10-17 12:44:49,738 celery.pool  DEBUG    TaskPool: Apply <function fast_trace_task at 0x7fa5867a6790> (args:('salle_activite.tasks.start_face_door_2', '23f357c4-1b3e-495e-b542-31b36fe54783', {'lang': 'py', 'task': 'salle_activite.tasks.start_face_door_2', 'id': '23f357c4-1b3e-495e-b542-31b36fe54783', 'shadow': None, 'eta': None, 'expires': None, 'group': None, 'group_index': None, 'retries': 0, 'timelimit': [None, None], 'root_id': '23f357c4-1b3e-495e-b542-31b36fe54783', 'parent_id': None, 'argsrepr': '()', 'kwargsrepr': '{}', 'origin': 'gen56298@appsrv', 'ignore_result': False, 'properties': {'correlation_id': '23f357c4-1b3e-495e-b542-31b36fe54783', 'reply_to': '15234dbc-7cef-3c45-b87c-0b5a908b34b3', 'delivery_mode': 2, 'delivery_info': {'exchange': '', 'routing_key': 'celery'}, 'priority': 0, 'body_encoding': 'base64', 'delivery_tag': '72373204-6483-4bab-855a-218058d3c1ad'}, 'reply_to': '15234dbc-7cef-3c45-b87c-0b5a908b34b3', 'correlation_id': '23f357c4-1b3e-495e-b542-31b36fe54783', 'hostname': 'celery@appsrv', 'delivery_info': {'exchange': '', 'routing_key': 'celery', 'priority': 0, 'redelivered': None},... kwargs:{})
2022-10-17 12:44:49,752 celery.app.trace INFO     Task salle_activite.tasks.start_linsten_3[e9087595-379f-49e4-9f94-c5a2515a61ef] succeeded in 0.07926827995106578s: None
2022-10-17 12:44:49,772 celery.app.trace INFO     Task salle_activite.tasks.start_linsten_1[f0577e08-4e26-496f-86cb-6f8bc5cf9a0a] succeeded in 0.10587542701978236s: None
2022-10-17 12:44:49,772 celery.app.trace INFO     Task salle_activite.tasks.start_linsten_7[6737c7f7-1485-4536-b183-8f1c44c2e4c1] succeeded in 0.07822563796071336s: None
2022-10-17 12:44:49,781 celery.app.trace INFO     Task salle_activite.tasks.start_linsten_4[1bef9eef-b192-49bd-8b5c-5cd2d6b401d9] succeeded in 0.10878815595060587s: None
2022-10-17 12:44:49,781 celery.app.trace INFO     Task salle_activite.tasks.start_linsten_5[a0925e2b-2891-4eef-baa9-8fb0d920b25b] succeeded in 0.09081648598657921s: None
2022-10-17 12:44:49,792 celery.app.trace INFO     Task salle_activite.tasks.start_linsten_6[af9a981c-ebd9-4fdc-8521-81d728dabcf8] succeeded in 0.10127550095785409s: None
2022-10-17 12:44:49,793 celery.app.trace INFO     Task salle_activite.tasks.start_linsten_2[d0d99321-c7ad-47aa-a5d2-4703775bfc40] succeeded in 0.12383902800502256s: None
2022-10-17 12:44:49,800 celery.app.trace INFO     Task salle_activite.tasks.start_linsten_8[95aef638-bc98-478f-9349-5dbb487c634d] succeeded in 0.09311918501043692s: None
2022-10-17 12:44:49,995 celery.app.trace INFO     Task salle_activite.tasks.start_face_door_2[23f357c4-1b3e-495e-b542-31b36fe54783] succeeded in 0.25656008z9008417s: None
2022-10-17 12:44:50,076 celery.app.trace INFO     Task salle_activite.tasks.start_face_door_1[305a3f07-37a7-49ee-8f95-c21d3a1635c2] succeeded in 0.34562652895692736s: None
2022-10-17 12:44:51,252 celery.app.trace INFO     Task salle_activite.tasks.start_linsten_9[b3945e39-3948-488d-a45e-a4f699b1f261] succeeded in 1.5419542349991389s: None
